# vsim -c work.systolic_array_tb -do "run -all; exit" -l simulation_output.log 
# Start time: 07:27:47 on Jul 27,2025
# ** Note: (vsim-3813) Design is being optimized due to module recompilation...
# Loading sv_std.std
# Loading work.systolic_array_tb(fast)
# Loading work.systolic_array(fast)
# Loading work.structure_imp(fast)
# run -all
# === First Matrix Multiplication ===
# Matrix A (fed column-wise):
# 1 2 3
# 4 5 6
# 7 8 9
# 
# Matrix B (fed row-wise):
# 1 2 3
# 4 5 6
# 7 8 9
# 
# Result Matrix C = A × B:
# 30 36 42
# 66 81 96
# 102 126 150
# 
# === Second Matrix Multiplication ===
# Matrix A (fed column-wise):
# 2 1 3
# 0 4 2
# 1 3 5
# 
# Matrix B (fed row-wise):
# 1 0 2
# 3 1 4
# 2 2 1
# 
# Result Matrix C = A × B:
# 11 7 11
# 16 8 18
# 20 13 19
# ** Note: $finish    : systolic_array_tb.sv(222)
#    Time: 265 ns  Iteration: 0  Instance: /systolic_array_tb
# End time: 07:27:53 on Jul 27,2025, Elapsed time: 0:00:06
# Errors: 0, Warnings: 0
